Determining if the pthread_create exist failed with the following output:
Change Dir: /home/mdforbes/catkin_workspace/build/CMakeFiles/CMakeTmp

Run Build Command:"/usr/bin/make" "cmTC_674ee/fast"
/usr/bin/make -f CMakeFiles/cmTC_674ee.dir/build.make CMakeFiles/cmTC_674ee.dir/build
make[1]: Entering directory '/home/mdforbes/catkin_workspace/build/CMakeFiles/CMakeTmp'
Building C object CMakeFiles/cmTC_674ee.dir/CheckSymbolExists.c.o
/usr/bin/cc     -o CMakeFiles/cmTC_674ee.dir/CheckSymbolExists.c.o   -c /home/mdforbes/catkin_workspace/build/CMakeFiles/CMakeTmp/CheckSymbolExists.c
Linking C executable cmTC_674ee
/usr/bin/cmake -E cmake_link_script CMakeFiles/cmTC_674ee.dir/link.txt --verbose=1
/usr/bin/cc       CMakeFiles/cmTC_674ee.dir/CheckSymbolExists.c.o  -o cmTC_674ee -rdynamic 
CMakeFiles/cmTC_674ee.dir/CheckSymbolExists.c.o: In function `main':
CheckSymbolExists.c:(.text+0xe): undefined reference to `pthread_create'
CheckSymbolExists.c:(.text+0x12): undefined reference to `pthread_create'
collect2: error: ld returned 1 exit status
CMakeFiles/cmTC_674ee.dir/build.make:97: recipe for target 'cmTC_674ee' failed
make[1]: *** [cmTC_674ee] Error 1
make[1]: Leaving directory '/home/mdforbes/catkin_workspace/build/CMakeFiles/CMakeTmp'
Makefile:126: recipe for target 'cmTC_674ee/fast' failed
make: *** [cmTC_674ee/fast] Error 2

File /home/mdforbes/catkin_workspace/build/CMakeFiles/CMakeTmp/CheckSymbolExists.c:
/* */
#include <pthread.h>

int main(int argc, char** argv)
{
  (void)argv;
#ifndef pthread_create
  return ((int*)(&pthread_create))[argc];
#else
  (void)argc;
  return 0;
#endif
}

Determining if the function pthread_create exists in the pthreads failed with the following output:
Change Dir: /home/mdforbes/catkin_workspace/build/CMakeFiles/CMakeTmp

Run Build Command:"/usr/bin/make" "cmTC_a7707/fast"
/usr/bin/make -f CMakeFiles/cmTC_a7707.dir/build.make CMakeFiles/cmTC_a7707.dir/build
make[1]: Entering directory '/home/mdforbes/catkin_workspace/build/CMakeFiles/CMakeTmp'
Building C object CMakeFiles/cmTC_a7707.dir/CheckFunctionExists.c.o
/usr/bin/cc    -DCHECK_FUNCTION_EXISTS=pthread_create   -o CMakeFiles/cmTC_a7707.dir/CheckFunctionExists.c.o   -c /usr/share/cmake-3.5/Modules/CheckFunctionExists.c
Linking C executable cmTC_a7707
/usr/bin/cmake -E cmake_link_script CMakeFiles/cmTC_a7707.dir/link.txt --verbose=1
/usr/bin/cc   -DCHECK_FUNCTION_EXISTS=pthread_create    CMakeFiles/cmTC_a7707.dir/CheckFunctionExists.c.o  -o cmTC_a7707 -rdynamic -lpthreads 
/usr/bin/ld: cannot find -lpthreads
collect2: error: ld returned 1 exit status
CMakeFiles/cmTC_a7707.dir/build.make:97: recipe for target 'cmTC_a7707' failed
make[1]: *** [cmTC_a7707] Error 1
make[1]: Leaving directory '/home/mdforbes/catkin_workspace/build/CMakeFiles/CMakeTmp'
Makefile:126: recipe for target 'cmTC_a7707/fast' failed
make: *** [cmTC_a7707/fast] Error 2


